<?xml version="1.0" encoding="UTF-8"?>
<!-- Generated by org.testng.reporters.JUnitReportReporter -->
<testsuite skipped="0" hostname="DESKTOP-NPTJ03E" name="com.omnius.testautomation.tests.TrainerConsolePageTests" tests="1" failures="0" timestamp="19 Nov 2019 14:03:57 GMT" time="3.070" errors="0">
  <testcase name="navigateDocumentExplorer" time="3.070" classname="com.omnius.testautomation.tests.TrainerConsolePageTests"/>
</testsuite> <!-- com.omnius.testautomation.tests.TrainerConsolePageTests -->
