<?xml version="1.0" encoding="UTF-8"?>
<!-- Generated by org.testng.reporters.JUnitReportReporter -->
<testsuite skipped="0" hostname="DESKTOP-NPTJ03E" name="com.omnius.testautomation.tests.LoginPageTests" tests="1" failures="0" timestamp="18 Nov 2019 02:46:58 GMT" time="3.188" errors="0">
  <testcase name="loginTest" time="3.188" classname="com.omnius.testautomation.tests.LoginPageTests"/>
</testsuite> <!-- com.omnius.testautomation.tests.LoginPageTests -->
