<?xml version="1.0" encoding="UTF-8"?>
<!-- Generated by org.testng.reporters.JUnitReportReporter -->
<testsuite skipped="0" hostname="DESKTOP-NPTJ03E" name="com.omnius.testautomation.tests.TrainerDocumentExplorerTests" tests="3" failures="0" timestamp="19 Nov 2019 15:51:24 GMT" time="29.502" errors="0">
  <testcase name="createNewCollection" time="5.781" classname="com.omnius.testautomation.tests.TrainerDocumentExplorerTests"/>
  <testcase name="searchCollection" time="7.943" classname="com.omnius.testautomation.tests.TrainerDocumentExplorerTests"/>
  <testcase name="uploadDocuments" time="15.778" classname="com.omnius.testautomation.tests.TrainerDocumentExplorerTests"/>
</testsuite> <!-- com.omnius.testautomation.tests.TrainerDocumentExplorerTests -->
