<?xml version="1.0" encoding="UTF-8"?>
<!-- Generated by org.testng.reporters.JUnitReportReporter -->
<testsuite skipped="0" hostname="DESKTOP-NPTJ03E" name="com.omnius.tests.JSONResponseTest" tests="1" failures="0" timestamp="13 Nov 2019 14:48:08 GMT" time="0.092" errors="0">
  <testcase name="CheckTests" time="0.092" classname="com.omnius.tests.JSONResponseTest"/>
</testsuite> <!-- com.omnius.tests.JSONResponseTest -->
